2025-09-10 09:52:07,967 INFO: User testuser (ID: 1) logged in successfully. [in /app/app/auth/routes.py:69]
2025-09-10 09:52:08,055 INFO: OHMS Application file logging configured. [in /app/app/__init__.py:193]
2025-09-10 09:52:08,055 INFO: OHMS Application initialized and configured. [in /app/app/__init__.py:196]
2025-09-10 09:52:09,261 INFO: User adminuser (ID: 2) logged in successfully. [in /app/app/auth/routes.py:69]
2025-09-10 09:52:09,373 INFO: OHMS Application file logging configured. [in /app/app/__init__.py:193]
2025-09-10 09:52:09,373 INFO: OHMS Application initialized and configured. [in /app/app/__init__.py:196]
2025-09-10 09:52:10,504 INFO: User adminuser (ID: 2) logged in successfully. [in /app/app/auth/routes.py:69]
2025-09-10 09:52:10,614 INFO: OHMS Application file logging configured. [in /app/app/__init__.py:193]
2025-09-10 09:52:10,614 INFO: OHMS Application initialized and configured. [in /app/app/__init__.py:196]
2025-09-10 09:52:11,735 INFO: User testuser (ID: 1) logged in successfully. [in /app/app/auth/routes.py:69]
2025-09-10 09:52:11,820 INFO: OHMS Application file logging configured. [in /app/app/__init__.py:193]
2025-09-10 09:52:11,820 INFO: OHMS Application initialized and configured. [in /app/app/__init__.py:196]
2025-09-10 09:52:12,945 INFO: User adminuser (ID: 2) logged in successfully. [in /app/app/auth/routes.py:69]
2025-09-10 09:52:13,021 INFO: OHMS Application file logging configured. [in /app/app/__init__.py:193]
2025-09-10 09:52:13,021 INFO: OHMS Application initialized and configured. [in /app/app/__init__.py:196]
2025-09-10 09:52:14,141 INFO: User adminuser (ID: 2) logged in successfully. [in /app/app/auth/routes.py:69]
2025-09-10 09:52:14,250 INFO: OHMS Application file logging configured. [in /app/app/__init__.py:193]
2025-09-10 09:52:14,250 INFO: OHMS Application initialized and configured. [in /app/app/__init__.py:196]
2025-09-10 09:52:15,371 INFO: User testuser (ID: 1) logged in successfully. [in /app/app/auth/routes.py:69]
2025-09-10 09:52:15,460 INFO: OHMS Application file logging configured. [in /app/app/__init__.py:193]
2025-09-10 09:52:15,460 INFO: OHMS Application initialized and configured. [in /app/app/__init__.py:196]
2025-09-10 09:52:16,586 INFO: User adminuser (ID: 2) logged in successfully. [in /app/app/auth/routes.py:69]
2025-09-10 09:52:16,670 INFO: OHMS Application file logging configured. [in /app/app/__init__.py:193]
2025-09-10 09:52:16,670 INFO: OHMS Application initialized and configured. [in /app/app/__init__.py:196]
2025-09-10 09:52:17,803 INFO: User adminuser (ID: 2) logged in successfully. [in /app/app/auth/routes.py:69]
2025-09-10 09:52:17,915 INFO: OHMS Application file logging configured. [in /app/app/__init__.py:193]
2025-09-10 09:52:17,915 INFO: OHMS Application initialized and configured. [in /app/app/__init__.py:196]
2025-09-10 09:52:19,039 INFO: User testuser (ID: 1) logged in successfully. [in /app/app/auth/routes.py:69]
2025-09-10 09:52:19,130 INFO: OHMS Application file logging configured. [in /app/app/__init__.py:193]
2025-09-10 09:52:19,130 INFO: OHMS Application initialized and configured. [in /app/app/__init__.py:196]
2025-09-10 09:52:19,975 INFO: OHMS Application file logging configured. [in /app/app/__init__.py:193]
2025-09-10 09:52:19,975 INFO: OHMS Application initialized and configured. [in /app/app/__init__.py:196]
2025-09-10 09:52:21,088 INFO: User testuser (ID: 1) logged in successfully. [in /app/app/auth/routes.py:69]
2025-09-10 09:52:21,190 INFO: OHMS Application file logging configured. [in /app/app/__init__.py:193]
2025-09-10 09:52:21,190 INFO: OHMS Application initialized and configured. [in /app/app/__init__.py:196]
2025-09-10 09:52:22,306 INFO: User testuser (ID: 1) logged in successfully. [in /app/app/auth/routes.py:69]
2025-09-10 09:52:22,354 INFO: User testuser generated PDF for Exposure ID 1. [in /app/app/exposures/routes.py:127]
2025-09-10 09:52:22,400 INFO: OHMS Application file logging configured. [in /app/app/__init__.py:193]
2025-09-10 09:52:22,400 INFO: OHMS Application initialized and configured. [in /app/app/__init__.py:196]
2025-09-10 09:52:23,521 INFO: User testuser (ID: 1) logged in successfully. [in /app/app/auth/routes.py:69]
2025-09-10 09:52:23,555 ERROR: Error generating PDF for Exposure ID 1: Simulated PDF generation error [in /app/app/exposures/routes.py:130]
Traceback (most recent call last):
  File "/app/app/exposures/routes.py", line 120, in print_exposure_pdf
    pdf_data = generate_exposure_pdf(exposure)
               ^^^^^^^^^^^^^^^^^^^^^^^^^^^^^^^
  File "/home/jules/.pyenv/versions/3.12.11/lib/python3.12/unittest/mock.py", line 1139, in __call__
    return self._mock_call(*args, **kwargs)
           ^^^^^^^^^^^^^^^^^^^^^^^^^^^^^^^^
  File "/home/jules/.pyenv/versions/3.12.11/lib/python3.12/unittest/mock.py", line 1143, in _mock_call
    return self._execute_mock_call(*args, **kwargs)
           ^^^^^^^^^^^^^^^^^^^^^^^^^^^^^^^^^^^^^^^^
  File "/home/jules/.pyenv/versions/3.12.11/lib/python3.12/unittest/mock.py", line 1198, in _execute_mock_call
    raise effect
Exception: Simulated PDF generation error
2025-09-10 09:52:23,619 INFO: OHMS Application file logging configured. [in /app/app/__init__.py:193]
2025-09-10 09:52:23,619 INFO: OHMS Application initialized and configured. [in /app/app/__init__.py:196]
2025-09-10 09:52:24,744 INFO: User testuser (ID: 1) logged in successfully. [in /app/app/auth/routes.py:69]
2025-09-10 09:52:24,823 INFO: OHMS Application file logging configured. [in /app/app/__init__.py:193]
2025-09-10 09:52:24,823 INFO: OHMS Application initialized and configured. [in /app/app/__init__.py:196]
2025-09-10 09:52:51,667 INFO: OHMS Application file logging configured. [in /app/app/__init__.py:193]
2025-09-10 09:52:51,667 INFO: OHMS Application initialized and configured. [in /app/app/__init__.py:196]
2025-09-10 09:52:52,845 INFO: User reguser (ID: 1) logged in successfully. [in /app/app/auth/routes.py:69]
2025-09-10 09:52:52,970 INFO: OHMS Application file logging configured. [in /app/app/__init__.py:193]
2025-09-10 09:52:52,970 INFO: OHMS Application initialized and configured. [in /app/app/__init__.py:196]
2025-09-10 09:52:53,785 INFO: OHMS Application file logging configured. [in /app/app/__init__.py:193]
2025-09-10 09:52:53,786 INFO: OHMS Application initialized and configured. [in /app/app/__init__.py:196]
2025-09-10 09:52:54,915 INFO: User admin (ID: 2) logged in successfully. [in /app/app/auth/routes.py:69]
2025-09-10 09:52:55,012 INFO: OHMS Application file logging configured. [in /app/app/__init__.py:193]
2025-09-10 09:52:55,012 INFO: OHMS Application initialized and configured. [in /app/app/__init__.py:196]
2025-09-10 09:52:56,184 INFO: User admin (ID: 2) logged in successfully. [in /app/app/auth/routes.py:69]
2025-09-10 09:52:56,295 INFO: OHMS Application file logging configured. [in /app/app/__init__.py:193]
2025-09-10 09:52:56,295 INFO: OHMS Application initialized and configured. [in /app/app/__init__.py:196]
2025-09-10 09:52:57,442 INFO: User admin (ID: 2) logged in successfully. [in /app/app/auth/routes.py:69]
2025-09-10 09:52:57,596 INFO: OHMS Application file logging configured. [in /app/app/__init__.py:193]
2025-09-10 09:52:57,596 INFO: OHMS Application initialized and configured. [in /app/app/__init__.py:196]
2025-09-10 09:52:58,805 INFO: User reguser (ID: 1) logged in successfully. [in /app/app/auth/routes.py:69]
2025-09-10 09:52:58,888 INFO: OHMS Application file logging configured. [in /app/app/__init__.py:193]
2025-09-10 09:52:58,888 INFO: OHMS Application initialized and configured. [in /app/app/__init__.py:196]
2025-09-10 09:52:59,992 INFO: User admin (ID: 2) logged in successfully. [in /app/app/auth/routes.py:69]
2025-09-10 09:53:00,070 INFO: OHMS Application file logging configured. [in /app/app/__init__.py:193]
2025-09-10 09:53:00,070 INFO: OHMS Application initialized and configured. [in /app/app/__init__.py:196]
2025-09-10 09:53:01,168 INFO: User admin (ID: 2) logged in successfully. [in /app/app/auth/routes.py:69]
2025-09-10 09:53:01,257 INFO: OHMS Application file logging configured. [in /app/app/__init__.py:193]
2025-09-10 09:53:01,257 INFO: OHMS Application initialized and configured. [in /app/app/__init__.py:196]
2025-09-10 09:53:02,364 INFO: User admin (ID: 2) logged in successfully. [in /app/app/auth/routes.py:69]
2025-09-10 09:53:02,470 INFO: OHMS Application file logging configured. [in /app/app/__init__.py:193]
2025-09-10 09:53:02,470 INFO: OHMS Application initialized and configured. [in /app/app/__init__.py:196]
2025-09-10 09:53:03,593 INFO: User admin (ID: 2) logged in successfully. [in /app/app/auth/routes.py:69]
2025-09-10 09:53:03,713 INFO: OHMS Application file logging configured. [in /app/app/__init__.py:193]
2025-09-10 09:53:03,713 INFO: OHMS Application initialized and configured. [in /app/app/__init__.py:196]
2025-09-10 09:53:04,902 INFO: User admin (ID: 2) logged in successfully. [in /app/app/auth/routes.py:69]
2025-09-10 09:53:04,989 INFO: OHMS Application file logging configured. [in /app/app/__init__.py:193]
2025-09-10 09:53:04,989 INFO: OHMS Application initialized and configured. [in /app/app/__init__.py:196]
2025-09-10 09:53:06,100 INFO: User admin (ID: 2) logged in successfully. [in /app/app/auth/routes.py:69]
2025-09-10 09:53:06,213 INFO: OHMS Application file logging configured. [in /app/app/__init__.py:193]
2025-09-10 09:53:06,213 INFO: OHMS Application initialized and configured. [in /app/app/__init__.py:196]
2025-09-10 09:53:07,391 INFO: User admin (ID: 2) logged in successfully. [in /app/app/auth/routes.py:69]
2025-09-10 09:53:07,569 INFO: OHMS Application file logging configured. [in /app/app/__init__.py:193]
2025-09-10 09:53:07,569 INFO: OHMS Application initialized and configured. [in /app/app/__init__.py:196]
2025-09-10 09:53:08,785 INFO: User apiadmin (ID: 2) logged in successfully. [in /app/app/auth/routes.py:69]
2025-09-10 09:53:08,835 INFO: API: New employee 'Charlie New' (ID: 3) created by apiadmin. [in /app/app/api/employees_resources.py:57]
2025-09-10 09:53:08,887 INFO: OHMS Application file logging configured. [in /app/app/__init__.py:193]
2025-09-10 09:53:08,887 INFO: OHMS Application initialized and configured. [in /app/app/__init__.py:196]
2025-09-10 09:53:10,002 INFO: User apiuser (ID: 1) logged in successfully. [in /app/app/auth/routes.py:69]
2025-09-10 09:53:10,091 INFO: OHMS Application file logging configured. [in /app/app/__init__.py:193]
2025-09-10 09:53:10,092 INFO: OHMS Application initialized and configured. [in /app/app/__init__.py:196]
2025-09-10 09:53:11,196 INFO: User apiadmin (ID: 2) logged in successfully. [in /app/app/auth/routes.py:69]
2025-09-10 09:53:11,284 INFO: OHMS Application file logging configured. [in /app/app/__init__.py:193]
2025-09-10 09:53:11,284 INFO: OHMS Application initialized and configured. [in /app/app/__init__.py:196]
2025-09-10 09:53:12,442 INFO: User apiadmin (ID: 2) logged in successfully. [in /app/app/auth/routes.py:69]
2025-09-10 09:53:12,529 INFO: API: Employee ID 1 ('Alice API') and associated records deleted by apiadmin. [in /app/app/api/employees_resources.py:137]
2025-09-10 09:53:12,605 INFO: OHMS Application file logging configured. [in /app/app/__init__.py:193]
2025-09-10 09:53:12,605 INFO: OHMS Application initialized and configured. [in /app/app/__init__.py:196]
2025-09-10 09:53:13,774 INFO: User apiuser (ID: 1) logged in successfully. [in /app/app/auth/routes.py:69]
2025-09-10 09:53:13,872 INFO: OHMS Application file logging configured. [in /app/app/__init__.py:193]
2025-09-10 09:53:13,872 INFO: OHMS Application initialized and configured. [in /app/app/__init__.py:196]
2025-09-10 09:53:15,007 INFO: User apiadmin (ID: 2) logged in successfully. [in /app/app/auth/routes.py:69]
2025-09-10 09:53:15,147 INFO: OHMS Application file logging configured. [in /app/app/__init__.py:193]
2025-09-10 09:53:15,147 INFO: OHMS Application initialized and configured. [in /app/app/__init__.py:196]
2025-09-10 09:53:16,388 INFO: User apiuser (ID: 1) logged in successfully. [in /app/app/auth/routes.py:69]
2025-09-10 09:53:16,497 INFO: OHMS Application file logging configured. [in /app/app/__init__.py:193]
2025-09-10 09:53:16,497 INFO: OHMS Application initialized and configured. [in /app/app/__init__.py:196]
2025-09-10 09:53:18,123 INFO: User apiuser (ID: 1) logged in successfully. [in /app/app/auth/routes.py:69]
2025-09-10 09:53:18,249 INFO: OHMS Application file logging configured. [in /app/app/__init__.py:193]
2025-09-10 09:53:18,249 INFO: OHMS Application initialized and configured. [in /app/app/__init__.py:196]
2025-09-10 09:53:19,156 INFO: OHMS Application file logging configured. [in /app/app/__init__.py:193]
2025-09-10 09:53:19,156 INFO: OHMS Application initialized and configured. [in /app/app/__init__.py:196]
2025-09-10 09:53:20,572 INFO: User apiuser (ID: 1) logged in successfully. [in /app/app/auth/routes.py:69]
2025-09-10 09:53:20,663 INFO: OHMS Application file logging configured. [in /app/app/__init__.py:193]
2025-09-10 09:53:20,663 INFO: OHMS Application initialized and configured. [in /app/app/__init__.py:196]
2025-09-10 09:53:21,614 INFO: OHMS Application file logging configured. [in /app/app/__init__.py:193]
2025-09-10 09:53:21,615 INFO: OHMS Application initialized and configured. [in /app/app/__init__.py:196]
2025-09-10 09:53:22,949 INFO: User apiadmin (ID: 2) logged in successfully. [in /app/app/auth/routes.py:69]
2025-09-10 09:53:22,994 INFO: API: Employee ID 1 ('Alice API') updated by apiadmin. [in /app/app/api/employees_resources.py:108]
2025-09-10 09:53:23,050 INFO: OHMS Application file logging configured. [in /app/app/__init__.py:193]
2025-09-10 09:53:23,050 INFO: OHMS Application initialized and configured. [in /app/app/__init__.py:196]
2025-09-10 09:53:24,320 INFO: User apiuser (ID: 1) logged in successfully. [in /app/app/auth/routes.py:69]
2025-09-10 09:53:24,410 INFO: OHMS Application file logging configured. [in /app/app/__init__.py:193]
2025-09-10 09:53:24,411 INFO: OHMS Application initialized and configured. [in /app/app/__init__.py:196]
2025-09-10 09:53:25,703 INFO: User apiadmin (ID: 2) logged in successfully. [in /app/app/auth/routes.py:69]
2025-09-10 09:53:25,823 INFO: OHMS Application file logging configured. [in /app/app/__init__.py:193]
2025-09-10 09:53:25,823 INFO: OHMS Application initialized and configured. [in /app/app/__init__.py:196]
2025-09-10 09:53:27,235 INFO: User apiadmin (ID: 2) logged in successfully. [in /app/app/auth/routes.py:69]
2025-09-10 09:53:27,351 INFO: OHMS Application file logging configured. [in /app/app/__init__.py:193]
2025-09-10 09:53:27,351 INFO: OHMS Application initialized and configured. [in /app/app/__init__.py:196]
2025-09-10 09:53:28,364 INFO: OHMS Application file logging configured. [in /app/app/__init__.py:193]
2025-09-10 09:53:28,364 INFO: OHMS Application initialized and configured. [in /app/app/__init__.py:196]
2025-09-10 09:53:28,540 INFO: OHMS Application file logging configured. [in /app/app/__init__.py:193]
2025-09-10 09:53:28,540 INFO: OHMS Application initialized and configured. [in /app/app/__init__.py:196]
2025-09-10 09:53:28,704 INFO: OHMS Application file logging configured. [in /app/app/__init__.py:193]
2025-09-10 09:53:28,704 INFO: OHMS Application initialized and configured. [in /app/app/__init__.py:196]
2025-09-10 09:53:28,849 INFO: OHMS Application file logging configured. [in /app/app/__init__.py:193]
2025-09-10 09:53:28,849 INFO: OHMS Application initialized and configured. [in /app/app/__init__.py:196]
2025-09-10 09:53:28,987 INFO: OHMS Application file logging configured. [in /app/app/__init__.py:193]
2025-09-10 09:53:28,987 INFO: OHMS Application initialized and configured. [in /app/app/__init__.py:196]
2025-09-10 09:53:29,744 WARNING: Failed login attempt for username: loginuser2 [in /app/app/auth/routes.py:80]
2025-09-10 09:53:29,820 INFO: OHMS Application file logging configured. [in /app/app/__init__.py:193]
2025-09-10 09:53:29,820 INFO: OHMS Application initialized and configured. [in /app/app/__init__.py:196]
2025-09-10 09:53:29,896 WARNING: Failed login attempt for username: nonexistentuser [in /app/app/auth/routes.py:80]
2025-09-10 09:53:29,970 INFO: OHMS Application file logging configured. [in /app/app/__init__.py:193]
2025-09-10 09:53:29,970 INFO: OHMS Application initialized and configured. [in /app/app/__init__.py:196]
2025-09-10 09:53:30,735 INFO: User loginuser (ID: 1) logged in successfully. [in /app/app/auth/routes.py:69]
2025-09-10 09:53:30,818 INFO: OHMS Application file logging configured. [in /app/app/__init__.py:193]
2025-09-10 09:53:30,818 INFO: OHMS Application initialized and configured. [in /app/app/__init__.py:196]
2025-09-10 09:53:31,601 INFO: User logoutuser (ID: 1) logged in successfully. [in /app/app/auth/routes.py:69]
2025-09-10 09:53:31,714 INFO: OHMS Application file logging configured. [in /app/app/__init__.py:193]
2025-09-10 09:53:31,714 INFO: OHMS Application initialized and configured. [in /app/app/__init__.py:196]
2025-09-10 09:53:32,524 WARNING: User registration failed for newusername due to IntegrityError (likely duplicate username/email). [in /app/app/auth/routes.py:37]
2025-09-10 09:53:32,614 INFO: OHMS Application file logging configured. [in /app/app/__init__.py:193]
2025-09-10 09:53:32,614 INFO: OHMS Application initialized and configured. [in /app/app/__init__.py:196]
2025-09-10 09:53:33,429 WARNING: User registration failed for existinguser due to IntegrityError (likely duplicate username/email). [in /app/app/auth/routes.py:37]
2025-09-10 09:53:33,528 INFO: OHMS Application file logging configured. [in /app/app/__init__.py:193]
2025-09-10 09:53:33,528 INFO: OHMS Application initialized and configured. [in /app/app/__init__.py:196]
2025-09-10 09:53:33,697 INFO: OHMS Application file logging configured. [in /app/app/__init__.py:193]
2025-09-10 09:53:33,698 INFO: OHMS Application initialized and configured. [in /app/app/__init__.py:196]
2025-09-10 09:53:33,776 WARNING: User registration failed for testuser due to password validation: Password must contain at least one uppercase letter. [in /app/app/auth/routes.py:25]
2025-09-10 09:53:33,880 INFO: OHMS Application file logging configured. [in /app/app/__init__.py:193]
2025-09-10 09:53:33,880 INFO: OHMS Application initialized and configured. [in /app/app/__init__.py:196]
2025-09-10 09:53:34,048 INFO: OHMS Application file logging configured. [in /app/app/__init__.py:193]
2025-09-10 09:53:34,048 INFO: OHMS Application initialized and configured. [in /app/app/__init__.py:196]
2025-09-10 09:53:34,867 INFO: User autheduser (ID: 1) logged in successfully. [in /app/app/auth/routes.py:69]
2025-09-10 09:53:34,969 INFO: OHMS Application file logging configured. [in /app/app/__init__.py:193]
2025-09-10 09:53:34,969 INFO: OHMS Application initialized and configured. [in /app/app/__init__.py:196]
2025-09-10 09:53:35,134 INFO: OHMS Application file logging configured. [in /app/app/__init__.py:193]
2025-09-10 09:53:35,135 INFO: OHMS Application initialized and configured. [in /app/app/__init__.py:196]
2025-09-10 09:53:35,658 INFO: Password reset email successfully sent to resetme@example.com for user resetuser (ID: 1). [in /app/app/auth/email.py:34]
2025-09-10 09:53:35,658 INFO: Password reset requested for user resetuser (ID: 1, Email: resetme@example.com). Reset email sent. [in /app/app/auth/routes.py:104]
2025-09-10 09:53:35,775 INFO: OHMS Application file logging configured. [in /app/app/__init__.py:193]
2025-09-10 09:53:35,775 INFO: OHMS Application initialized and configured. [in /app/app/__init__.py:196]
2025-09-10 09:53:35,957 INFO: OHMS Application file logging configured. [in /app/app/__init__.py:193]
2025-09-10 09:53:35,958 INFO: OHMS Application initialized and configured. [in /app/app/__init__.py:196]
2025-09-10 09:53:36,779 INFO: User authedreset (ID: 1) logged in successfully. [in /app/app/auth/routes.py:69]
2025-09-10 09:53:36,889 INFO: OHMS Application file logging configured. [in /app/app/__init__.py:193]
2025-09-10 09:53:36,889 INFO: OHMS Application initialized and configured. [in /app/app/__init__.py:196]
2025-09-10 09:53:37,427 INFO: OHMS Application file logging configured. [in /app/app/__init__.py:193]
2025-09-10 09:53:37,427 INFO: OHMS Application initialized and configured. [in /app/app/__init__.py:196]
2025-09-10 09:53:37,612 INFO: OHMS Application file logging configured. [in /app/app/__init__.py:193]
2025-09-10 09:53:37,612 INFO: OHMS Application initialized and configured. [in /app/app/__init__.py:196]
2025-09-10 09:53:38,347 INFO: OHMS Application file logging configured. [in /app/app/__init__.py:193]
2025-09-10 09:53:38,347 INFO: OHMS Application initialized and configured. [in /app/app/__init__.py:196]
2025-09-10 09:53:38,510 INFO: OHMS Application file logging configured. [in /app/app/__init__.py:193]
2025-09-10 09:53:38,510 INFO: OHMS Application initialized and configured. [in /app/app/__init__.py:196]
2025-09-10 09:53:39,058 INFO: OHMS Application file logging configured. [in /app/app/__init__.py:193]
2025-09-10 09:53:39,058 INFO: OHMS Application initialized and configured. [in /app/app/__init__.py:196]
2025-09-10 09:53:40,024 INFO: Password for user resetpassuser (ID: 1) has been successfully reset. [in /app/app/auth/routes.py:129]
2025-09-10 09:53:40,527 INFO: OHMS Application file logging configured. [in /app/app/__init__.py:193]
2025-09-10 09:53:40,527 INFO: OHMS Application initialized and configured. [in /app/app/__init__.py:196]
2025-09-10 09:53:41,051 WARNING: Password reset for user weakpassuser failed due to new password validation: Password must be at least 8 characters long. [in /app/app/auth/routes.py:133]
2025-09-10 09:53:41,132 INFO: OHMS Application file logging configured. [in /app/app/__init__.py:193]
2025-09-10 09:53:41,132 INFO: OHMS Application initialized and configured. [in /app/app/__init__.py:196]
2025-09-10 09:53:41,625 INFO: New user newuser (ID: 1, Email: newuser@example.com) registered successfully. [in /app/app/auth/routes.py:32]
2025-09-10 09:53:41,719 INFO: OHMS Application file logging configured. [in /app/app/__init__.py:193]
2025-09-10 09:53:41,719 INFO: OHMS Application initialized and configured. [in /app/app/__init__.py:196]
2025-09-10 09:53:42,741 INFO: OHMS Application file logging configured. [in /app/app/__init__.py:193]
2025-09-10 09:53:42,741 INFO: OHMS Application initialized and configured. [in /app/app/__init__.py:196]
2025-09-10 09:53:44,059 INFO: User adminuser (ID: 2) logged in successfully. [in /app/app/auth/routes.py:69]
2025-09-10 09:53:44,183 INFO: OHMS Application file logging configured. [in /app/app/__init__.py:193]
2025-09-10 09:53:44,183 INFO: OHMS Application initialized and configured. [in /app/app/__init__.py:196]
2025-09-10 09:53:45,469 INFO: User testuser (ID: 1) logged in successfully. [in /app/app/auth/routes.py:69]
2025-09-10 09:53:45,584 INFO: OHMS Application file logging configured. [in /app/app/__init__.py:193]
2025-09-10 09:53:45,584 INFO: OHMS Application initialized and configured. [in /app/app/__init__.py:196]
2025-09-10 09:53:46,901 INFO: User adminuser (ID: 2) logged in successfully. [in /app/app/auth/routes.py:69]
2025-09-10 09:53:47,020 INFO: OHMS Application file logging configured. [in /app/app/__init__.py:193]
2025-09-10 09:53:47,020 INFO: OHMS Application initialized and configured. [in /app/app/__init__.py:196]
2025-09-10 09:53:48,317 INFO: User testuser (ID: 1) logged in successfully. [in /app/app/auth/routes.py:69]
2025-09-10 09:53:48,435 INFO: OHMS Application file logging configured. [in /app/app/__init__.py:193]
2025-09-10 09:53:48,435 INFO: OHMS Application initialized and configured. [in /app/app/__init__.py:196]
2025-09-10 09:53:49,806 INFO: User adminuser (ID: 2) logged in successfully. [in /app/app/auth/routes.py:69]
2025-09-10 09:53:49,950 INFO: OHMS Application file logging configured. [in /app/app/__init__.py:193]
2025-09-10 09:53:49,950 INFO: OHMS Application initialized and configured. [in /app/app/__init__.py:196]
2025-09-10 09:53:51,620 INFO: User adminuser (ID: 2) logged in successfully. [in /app/app/auth/routes.py:69]
2025-09-10 09:53:51,799 INFO: OHMS Application file logging configured. [in /app/app/__init__.py:193]
2025-09-10 09:53:51,799 INFO: OHMS Application initialized and configured. [in /app/app/__init__.py:196]
2025-09-10 09:53:53,539 INFO: User testuser (ID: 1) logged in successfully. [in /app/app/auth/routes.py:69]
2025-09-10 09:53:53,658 INFO: OHMS Application file logging configured. [in /app/app/__init__.py:193]
2025-09-10 09:53:53,658 INFO: OHMS Application initialized and configured. [in /app/app/__init__.py:196]
2025-09-10 09:53:55,296 INFO: User adminuser (ID: 2) logged in successfully. [in /app/app/auth/routes.py:69]
2025-09-10 09:53:55,447 INFO: OHMS Application file logging configured. [in /app/app/__init__.py:193]
2025-09-10 09:53:55,447 INFO: OHMS Application initialized and configured. [in /app/app/__init__.py:196]
2025-09-10 09:53:57,085 INFO: User adminuser (ID: 2) logged in successfully. [in /app/app/auth/routes.py:69]
2025-09-10 09:53:57,311 INFO: OHMS Application file logging configured. [in /app/app/__init__.py:193]
2025-09-10 09:53:57,311 INFO: OHMS Application initialized and configured. [in /app/app/__init__.py:196]
2025-09-10 09:53:58,804 INFO: User testuser (ID: 1) logged in successfully. [in /app/app/auth/routes.py:69]
2025-09-10 09:53:58,899 INFO: OHMS Application file logging configured. [in /app/app/__init__.py:193]
2025-09-10 09:53:58,900 INFO: OHMS Application initialized and configured. [in /app/app/__init__.py:196]
2025-09-10 09:54:00,043 INFO: User adminuser (ID: 2) logged in successfully. [in /app/app/auth/routes.py:69]
2025-09-10 09:54:00,129 INFO: OHMS Application file logging configured. [in /app/app/__init__.py:193]
2025-09-10 09:54:00,130 INFO: OHMS Application initialized and configured. [in /app/app/__init__.py:196]
2025-09-10 09:54:01,258 INFO: User adminuser (ID: 2) logged in successfully. [in /app/app/auth/routes.py:69]
2025-09-10 09:54:01,357 INFO: OHMS Application file logging configured. [in /app/app/__init__.py:193]
2025-09-10 09:54:01,358 INFO: OHMS Application initialized and configured. [in /app/app/__init__.py:196]
2025-09-10 09:54:02,492 INFO: User testuser (ID: 1) logged in successfully. [in /app/app/auth/routes.py:69]
2025-09-10 09:54:02,585 INFO: OHMS Application file logging configured. [in /app/app/__init__.py:193]
2025-09-10 09:54:02,585 INFO: OHMS Application initialized and configured. [in /app/app/__init__.py:196]
2025-09-10 09:54:03,698 INFO: User testuser (ID: 1) logged in successfully. [in /app/app/auth/routes.py:69]
2025-09-10 09:54:03,952 INFO: OHMS Application file logging configured. [in /app/app/__init__.py:193]
2025-09-10 09:54:03,952 INFO: OHMS Application initialized and configured. [in /app/app/__init__.py:196]
2025-09-10 09:54:05,228 INFO: User adminuser (ID: 2) logged in successfully. [in /app/app/auth/routes.py:69]
2025-09-10 09:54:05,347 INFO: OHMS Application file logging configured. [in /app/app/__init__.py:193]
2025-09-10 09:54:05,347 INFO: OHMS Application initialized and configured. [in /app/app/__init__.py:196]
2025-09-10 09:54:06,597 INFO: User testuser (ID: 1) logged in successfully. [in /app/app/auth/routes.py:69]
2025-09-10 09:54:06,690 INFO: OHMS Application file logging configured. [in /app/app/__init__.py:193]
2025-09-10 09:54:06,690 INFO: OHMS Application initialized and configured. [in /app/app/__init__.py:196]
2025-09-10 09:54:07,887 INFO: User adminuser (ID: 2) logged in successfully. [in /app/app/auth/routes.py:69]
2025-09-10 09:54:07,988 INFO: OHMS Application file logging configured. [in /app/app/__init__.py:193]
2025-09-10 09:54:07,989 INFO: OHMS Application initialized and configured. [in /app/app/__init__.py:196]
2025-09-10 09:54:09,119 INFO: User testuser (ID: 1) logged in successfully. [in /app/app/auth/routes.py:69]
2025-09-10 09:54:09,204 INFO: OHMS Application file logging configured. [in /app/app/__init__.py:193]
2025-09-10 09:54:09,204 INFO: OHMS Application initialized and configured. [in /app/app/__init__.py:196]
2025-09-10 09:54:10,386 INFO: User adminuser (ID: 2) logged in successfully. [in /app/app/auth/routes.py:69]
2025-09-10 09:54:10,587 INFO: OHMS Application file logging configured. [in /app/app/__init__.py:193]
2025-09-10 09:54:10,587 INFO: OHMS Application initialized and configured. [in /app/app/__init__.py:196]
2025-09-10 09:54:11,832 INFO: User adminuser (ID: 2) logged in successfully. [in /app/app/auth/routes.py:69]
2025-09-10 09:54:11,942 INFO: OHMS Application file logging configured. [in /app/app/__init__.py:193]
2025-09-10 09:54:11,942 INFO: OHMS Application initialized and configured. [in /app/app/__init__.py:196]
2025-09-10 09:54:13,082 INFO: User testuser (ID: 1) logged in successfully. [in /app/app/auth/routes.py:69]
2025-09-10 09:54:13,169 INFO: OHMS Application file logging configured. [in /app/app/__init__.py:193]
2025-09-10 09:54:13,169 INFO: OHMS Application initialized and configured. [in /app/app/__init__.py:196]
2025-09-10 09:54:14,302 INFO: User adminuser (ID: 2) logged in successfully. [in /app/app/auth/routes.py:69]
2025-09-10 09:54:14,394 INFO: OHMS Application file logging configured. [in /app/app/__init__.py:193]
2025-09-10 09:54:14,394 INFO: OHMS Application initialized and configured. [in /app/app/__init__.py:196]
2025-09-10 09:54:15,542 INFO: User adminuser (ID: 2) logged in successfully. [in /app/app/auth/routes.py:69]
2025-09-10 09:54:15,663 INFO: OHMS Application file logging configured. [in /app/app/__init__.py:193]
2025-09-10 09:54:15,663 INFO: OHMS Application initialized and configured. [in /app/app/__init__.py:196]
2025-09-10 09:54:16,787 INFO: User testuser (ID: 1) logged in successfully. [in /app/app/auth/routes.py:69]
2025-09-10 09:54:16,876 INFO: OHMS Application file logging configured. [in /app/app/__init__.py:193]
2025-09-10 09:54:16,876 INFO: OHMS Application initialized and configured. [in /app/app/__init__.py:196]
2025-09-10 09:54:18,015 INFO: User adminuser (ID: 2) logged in successfully. [in /app/app/auth/routes.py:69]
2025-09-10 09:54:18,097 INFO: OHMS Application file logging configured. [in /app/app/__init__.py:193]
2025-09-10 09:54:18,097 INFO: OHMS Application initialized and configured. [in /app/app/__init__.py:196]
2025-09-10 09:54:19,230 INFO: User adminuser (ID: 2) logged in successfully. [in /app/app/auth/routes.py:69]
2025-09-10 09:54:19,343 INFO: OHMS Application file logging configured. [in /app/app/__init__.py:193]
2025-09-10 09:54:19,343 INFO: OHMS Application initialized and configured. [in /app/app/__init__.py:196]
2025-09-10 09:54:20,464 INFO: User testuser (ID: 1) logged in successfully. [in /app/app/auth/routes.py:69]
2025-09-10 09:54:20,560 INFO: OHMS Application file logging configured. [in /app/app/__init__.py:193]
2025-09-10 09:54:20,561 INFO: OHMS Application initialized and configured. [in /app/app/__init__.py:196]
2025-09-10 09:54:21,403 INFO: OHMS Application file logging configured. [in /app/app/__init__.py:193]
2025-09-10 09:54:21,403 INFO: OHMS Application initialized and configured. [in /app/app/__init__.py:196]
2025-09-10 09:54:22,522 INFO: User testuser (ID: 1) logged in successfully. [in /app/app/auth/routes.py:69]
2025-09-10 09:54:22,794 INFO: OHMS Application file logging configured. [in /app/app/__init__.py:193]
2025-09-10 09:54:22,794 INFO: OHMS Application initialized and configured. [in /app/app/__init__.py:196]
2025-09-10 09:54:23,921 INFO: User testuser (ID: 1) logged in successfully. [in /app/app/auth/routes.py:69]
2025-09-10 09:54:23,967 INFO: User testuser generated PDF for Exposure ID 1. [in /app/app/exposures/routes.py:127]
2025-09-10 09:54:24,011 INFO: OHMS Application file logging configured. [in /app/app/__init__.py:193]
2025-09-10 09:54:24,011 INFO: OHMS Application initialized and configured. [in /app/app/__init__.py:196]
2025-09-10 09:54:25,134 INFO: User testuser (ID: 1) logged in successfully. [in /app/app/auth/routes.py:69]
2025-09-10 09:54:25,167 ERROR: Error generating PDF for Exposure ID 1: Simulated PDF generation error [in /app/app/exposures/routes.py:130]
Traceback (most recent call last):
  File "/app/app/exposures/routes.py", line 120, in print_exposure_pdf
    pdf_data = generate_exposure_pdf(exposure)
               ^^^^^^^^^^^^^^^^^^^^^^^^^^^^^^^
  File "/home/jules/.pyenv/versions/3.12.11/lib/python3.12/unittest/mock.py", line 1139, in __call__
    return self._mock_call(*args, **kwargs)
           ^^^^^^^^^^^^^^^^^^^^^^^^^^^^^^^^
  File "/home/jules/.pyenv/versions/3.12.11/lib/python3.12/unittest/mock.py", line 1143, in _mock_call
    return self._execute_mock_call(*args, **kwargs)
           ^^^^^^^^^^^^^^^^^^^^^^^^^^^^^^^^^^^^^^^^
  File "/home/jules/.pyenv/versions/3.12.11/lib/python3.12/unittest/mock.py", line 1198, in _execute_mock_call
    raise effect
Exception: Simulated PDF generation error
2025-09-10 09:54:25,229 INFO: OHMS Application file logging configured. [in /app/app/__init__.py:193]
2025-09-10 09:54:25,229 INFO: OHMS Application initialized and configured. [in /app/app/__init__.py:196]
2025-09-10 09:54:26,355 INFO: User testuser (ID: 1) logged in successfully. [in /app/app/auth/routes.py:69]
2025-09-10 09:54:26,433 INFO: OHMS Application file logging configured. [in /app/app/__init__.py:193]
2025-09-10 09:54:26,433 INFO: OHMS Application initialized and configured. [in /app/app/__init__.py:196]
2025-09-10 09:54:27,280 INFO: OHMS Application file logging configured. [in /app/app/__init__.py:193]
2025-09-10 09:54:27,280 INFO: OHMS Application initialized and configured. [in /app/app/__init__.py:196]
2025-09-10 09:54:28,423 INFO: User adminuser (ID: 2) logged in successfully. [in /app/app/auth/routes.py:69]
2025-09-10 09:54:28,523 INFO: OHMS Application file logging configured. [in /app/app/__init__.py:193]
2025-09-10 09:54:28,524 INFO: OHMS Application initialized and configured. [in /app/app/__init__.py:196]
2025-09-10 09:54:29,646 INFO: User testuser (ID: 1) logged in successfully. [in /app/app/auth/routes.py:69]
2025-09-10 09:54:29,731 INFO: OHMS Application file logging configured. [in /app/app/__init__.py:193]
2025-09-10 09:54:29,731 INFO: OHMS Application initialized and configured. [in /app/app/__init__.py:196]
2025-09-10 09:54:30,849 INFO: User adminuser (ID: 2) logged in successfully. [in /app/app/auth/routes.py:69]
2025-09-10 09:54:30,946 INFO: OHMS Application file logging configured. [in /app/app/__init__.py:193]
2025-09-10 09:54:30,946 INFO: OHMS Application initialized and configured. [in /app/app/__init__.py:196]
2025-09-10 09:54:32,059 INFO: User testuser (ID: 1) logged in successfully. [in /app/app/auth/routes.py:69]
2025-09-10 09:54:32,144 INFO: OHMS Application file logging configured. [in /app/app/__init__.py:193]
2025-09-10 09:54:32,144 INFO: OHMS Application initialized and configured. [in /app/app/__init__.py:196]
2025-09-10 09:54:33,262 INFO: User adminuser (ID: 2) logged in successfully. [in /app/app/auth/routes.py:69]
2025-09-10 09:54:33,362 INFO: OHMS Application file logging configured. [in /app/app/__init__.py:193]
2025-09-10 09:54:33,362 INFO: OHMS Application initialized and configured. [in /app/app/__init__.py:196]
2025-09-10 09:54:34,473 INFO: User adminuser (ID: 2) logged in successfully. [in /app/app/auth/routes.py:69]
2025-09-10 09:54:34,570 INFO: OHMS Application file logging configured. [in /app/app/__init__.py:193]
2025-09-10 09:54:34,570 INFO: OHMS Application initialized and configured. [in /app/app/__init__.py:196]
2025-09-10 09:54:35,679 INFO: User adminuser (ID: 2) logged in successfully. [in /app/app/auth/routes.py:69]
2025-09-10 09:54:35,786 INFO: OHMS Application file logging configured. [in /app/app/__init__.py:193]
2025-09-10 09:54:35,786 INFO: OHMS Application initialized and configured. [in /app/app/__init__.py:196]
2025-09-10 09:54:36,899 INFO: User testuser (ID: 1) logged in successfully. [in /app/app/auth/routes.py:69]
2025-09-10 09:54:36,985 INFO: OHMS Application file logging configured. [in /app/app/__init__.py:193]
2025-09-10 09:54:36,986 INFO: OHMS Application initialized and configured. [in /app/app/__init__.py:196]
2025-09-10 09:54:38,109 INFO: User adminuser (ID: 2) logged in successfully. [in /app/app/auth/routes.py:69]
2025-09-10 09:54:38,188 INFO: OHMS Application file logging configured. [in /app/app/__init__.py:193]
2025-09-10 09:54:38,188 INFO: OHMS Application initialized and configured. [in /app/app/__init__.py:196]
2025-09-10 09:54:39,292 INFO: User adminuser (ID: 2) logged in successfully. [in /app/app/auth/routes.py:69]
2025-09-10 09:54:39,411 INFO: OHMS Application file logging configured. [in /app/app/__init__.py:193]
2025-09-10 09:54:39,411 INFO: OHMS Application initialized and configured. [in /app/app/__init__.py:196]
2025-09-10 09:54:40,529 INFO: User adminuser (ID: 2) logged in successfully. [in /app/app/auth/routes.py:69]
2025-09-10 09:54:40,647 INFO: OHMS Application file logging configured. [in /app/app/__init__.py:193]
2025-09-10 09:54:40,647 INFO: OHMS Application initialized and configured. [in /app/app/__init__.py:196]
2025-09-10 09:54:41,756 INFO: User testuser (ID: 1) logged in successfully. [in /app/app/auth/routes.py:69]
2025-09-10 09:54:41,851 INFO: OHMS Application file logging configured. [in /app/app/__init__.py:193]
2025-09-10 09:54:41,852 INFO: OHMS Application initialized and configured. [in /app/app/__init__.py:196]
2025-09-10 09:54:43,168 INFO: User adminuser (ID: 2) logged in successfully. [in /app/app/auth/routes.py:69]
2025-09-10 09:54:43,249 INFO: OHMS Application file logging configured. [in /app/app/__init__.py:193]
2025-09-10 09:54:43,249 INFO: OHMS Application initialized and configured. [in /app/app/__init__.py:196]
2025-09-10 09:54:44,379 INFO: User adminuser (ID: 2) logged in successfully. [in /app/app/auth/routes.py:69]
2025-09-10 09:54:44,498 INFO: OHMS Application file logging configured. [in /app/app/__init__.py:193]
2025-09-10 09:54:44,498 INFO: OHMS Application initialized and configured. [in /app/app/__init__.py:196]
2025-09-10 09:54:45,652 INFO: User testuser (ID: 1) logged in successfully. [in /app/app/auth/routes.py:69]
2025-09-10 09:54:45,752 INFO: OHMS Application file logging configured. [in /app/app/__init__.py:193]
2025-09-10 09:54:45,752 INFO: OHMS Application initialized and configured. [in /app/app/__init__.py:196]
2025-09-10 09:54:46,660 INFO: OHMS Application file logging configured. [in /app/app/__init__.py:193]
2025-09-10 09:54:46,660 INFO: OHMS Application initialized and configured. [in /app/app/__init__.py:196]
2025-09-10 09:54:47,827 INFO: User testuser (ID: 1) logged in successfully. [in /app/app/auth/routes.py:69]
2025-09-10 09:54:47,918 INFO: OHMS Application file logging configured. [in /app/app/__init__.py:193]
2025-09-10 09:54:47,919 INFO: OHMS Application initialized and configured. [in /app/app/__init__.py:196]
2025-09-10 09:54:49,026 INFO: User adminuser (ID: 2) logged in successfully. [in /app/app/auth/routes.py:69]
2025-09-10 09:54:49,145 INFO: OHMS Application file logging configured. [in /app/app/__init__.py:193]
2025-09-10 09:54:49,145 INFO: OHMS Application initialized and configured. [in /app/app/__init__.py:196]
2025-09-10 09:54:50,286 INFO: User testuser (ID: 1) logged in successfully. [in /app/app/auth/routes.py:69]
2025-09-10 09:54:50,367 INFO: OHMS Application file logging configured. [in /app/app/__init__.py:193]
2025-09-10 09:54:50,367 INFO: OHMS Application initialized and configured. [in /app/app/__init__.py:196]
2025-09-10 09:54:51,478 INFO: User adminuser (ID: 2) logged in successfully. [in /app/app/auth/routes.py:69]
2025-09-10 09:54:51,576 INFO: OHMS Application file logging configured. [in /app/app/__init__.py:193]
2025-09-10 09:54:51,576 INFO: OHMS Application initialized and configured. [in /app/app/__init__.py:196]
2025-09-10 09:54:52,690 INFO: User testuser (ID: 1) logged in successfully. [in /app/app/auth/routes.py:69]
2025-09-10 09:54:52,773 INFO: OHMS Application file logging configured. [in /app/app/__init__.py:193]
2025-09-10 09:54:52,773 INFO: OHMS Application initialized and configured. [in /app/app/__init__.py:196]
2025-09-10 09:54:53,874 INFO: User adminuser (ID: 2) logged in successfully. [in /app/app/auth/routes.py:69]
2025-09-10 09:54:53,989 INFO: OHMS Application file logging configured. [in /app/app/__init__.py:193]
2025-09-10 09:54:53,989 INFO: OHMS Application initialized and configured. [in /app/app/__init__.py:196]
2025-09-10 09:54:55,100 INFO: User adminuser (ID: 2) logged in successfully. [in /app/app/auth/routes.py:69]
2025-09-10 09:54:55,199 INFO: OHMS Application file logging configured. [in /app/app/__init__.py:193]
2025-09-10 09:54:55,199 INFO: OHMS Application initialized and configured. [in /app/app/__init__.py:196]
2025-09-10 09:54:56,340 INFO: User testuser (ID: 1) logged in successfully. [in /app/app/auth/routes.py:69]
2025-09-10 09:54:56,422 INFO: OHMS Application file logging configured. [in /app/app/__init__.py:193]
2025-09-10 09:54:56,422 INFO: OHMS Application initialized and configured. [in /app/app/__init__.py:196]
2025-09-10 09:54:57,522 INFO: User adminuser (ID: 2) logged in successfully. [in /app/app/auth/routes.py:69]
2025-09-10 09:54:57,605 INFO: OHMS Application file logging configured. [in /app/app/__init__.py:193]
2025-09-10 09:54:57,605 INFO: OHMS Application initialized and configured. [in /app/app/__init__.py:196]
2025-09-10 09:54:58,717 INFO: User adminuser (ID: 2) logged in successfully. [in /app/app/auth/routes.py:69]
2025-09-10 09:54:58,838 INFO: OHMS Application file logging configured. [in /app/app/__init__.py:193]
2025-09-10 09:54:58,838 INFO: OHMS Application initialized and configured. [in /app/app/__init__.py:196]
2025-09-10 09:54:59,974 INFO: User testuser (ID: 1) logged in successfully. [in /app/app/auth/routes.py:69]
2025-09-10 09:55:00,095 INFO: OHMS Application file logging configured. [in /app/app/__init__.py:193]
2025-09-10 09:55:00,095 INFO: OHMS Application initialized and configured. [in /app/app/__init__.py:196]
2025-09-10 09:55:01,278 INFO: User adminuser (ID: 2) logged in successfully. [in /app/app/auth/routes.py:69]
2025-09-10 09:55:01,382 INFO: OHMS Application file logging configured. [in /app/app/__init__.py:193]
2025-09-10 09:55:01,382 INFO: OHMS Application initialized and configured. [in /app/app/__init__.py:196]
2025-09-10 09:55:02,562 INFO: User adminuser (ID: 2) logged in successfully. [in /app/app/auth/routes.py:69]
2025-09-10 09:55:02,889 INFO: OHMS Application file logging configured. [in /app/app/__init__.py:193]
2025-09-10 09:55:02,889 INFO: OHMS Application initialized and configured. [in /app/app/__init__.py:196]
2025-09-10 09:55:04,014 INFO: User testuser (ID: 1) logged in successfully. [in /app/app/auth/routes.py:69]
2025-09-10 09:55:04,104 INFO: OHMS Application file logging configured. [in /app/app/__init__.py:193]
2025-09-10 09:55:04,104 INFO: OHMS Application initialized and configured. [in /app/app/__init__.py:196]
2025-09-10 09:55:04,966 INFO: OHMS Application file logging configured. [in /app/app/__init__.py:193]
2025-09-10 09:55:04,966 INFO: OHMS Application initialized and configured. [in /app/app/__init__.py:196]
2025-09-10 09:55:06,099 INFO: User testuser (ID: 1) logged in successfully. [in /app/app/auth/routes.py:69]
2025-09-10 09:55:06,196 INFO: OHMS Application file logging configured. [in /app/app/__init__.py:193]
2025-09-10 09:55:06,196 INFO: OHMS Application initialized and configured. [in /app/app/__init__.py:196]
2025-09-10 09:55:06,996 INFO: OHMS Application file logging configured. [in /app/app/__init__.py:193]
2025-09-10 09:55:06,996 INFO: OHMS Application initialized and configured. [in /app/app/__init__.py:196]
2025-09-10 09:55:07,804 INFO: OHMS Application file logging configured. [in /app/app/__init__.py:193]
2025-09-10 09:55:07,804 INFO: OHMS Application initialized and configured. [in /app/app/__init__.py:196]
2025-09-10 09:55:08,260 INFO: OHMS Application file logging configured. [in /app/app/__init__.py:193]
2025-09-10 09:55:08,260 INFO: OHMS Application initialized and configured. [in /app/app/__init__.py:196]
2025-09-10 09:55:08,372 INFO: OHMS Application file logging configured. [in /app/app/__init__.py:193]
2025-09-10 09:55:08,372 INFO: OHMS Application initialized and configured. [in /app/app/__init__.py:196]
2025-09-10 09:55:08,483 INFO: OHMS Application file logging configured. [in /app/app/__init__.py:193]
2025-09-10 09:55:08,483 INFO: OHMS Application initialized and configured. [in /app/app/__init__.py:196]
2025-09-10 09:55:08,592 INFO: OHMS Application file logging configured. [in /app/app/__init__.py:193]
2025-09-10 09:55:08,592 INFO: OHMS Application initialized and configured. [in /app/app/__init__.py:196]
2025-09-10 09:55:08,700 INFO: OHMS Application file logging configured. [in /app/app/__init__.py:193]
2025-09-10 09:55:08,700 INFO: OHMS Application initialized and configured. [in /app/app/__init__.py:196]
2025-09-10 09:55:09,495 INFO: OHMS Application file logging configured. [in /app/app/__init__.py:193]
2025-09-10 09:55:09,496 INFO: OHMS Application initialized and configured. [in /app/app/__init__.py:196]
2025-09-10 09:55:09,657 INFO: OHMS Application file logging configured. [in /app/app/__init__.py:193]
2025-09-10 09:55:09,658 INFO: OHMS Application initialized and configured. [in /app/app/__init__.py:196]
2025-09-10 09:55:09,803 INFO: OHMS Application file logging configured. [in /app/app/__init__.py:193]
2025-09-10 09:55:09,804 INFO: OHMS Application initialized and configured. [in /app/app/__init__.py:196]
2025-09-10 09:55:09,952 INFO: OHMS Application file logging configured. [in /app/app/__init__.py:193]
2025-09-10 09:55:09,952 INFO: OHMS Application initialized and configured. [in /app/app/__init__.py:196]
2025-09-10 09:55:10,104 INFO: OHMS Application file logging configured. [in /app/app/__init__.py:193]
2025-09-10 09:55:10,104 INFO: OHMS Application initialized and configured. [in /app/app/__init__.py:196]
2025-09-10 09:55:10,264 INFO: OHMS Application file logging configured. [in /app/app/__init__.py:193]
2025-09-10 09:55:10,264 INFO: OHMS Application initialized and configured. [in /app/app/__init__.py:196]
2025-09-10 09:55:10,776 INFO: OHMS Application file logging configured. [in /app/app/__init__.py:193]
2025-09-10 09:55:10,776 INFO: OHMS Application initialized and configured. [in /app/app/__init__.py:196]
2025-09-10 09:55:11,246 INFO: OHMS Application file logging configured. [in /app/app/__init__.py:193]
2025-09-10 09:55:11,246 INFO: OHMS Application initialized and configured. [in /app/app/__init__.py:196]
